Determining if the function cblas_ddot exists failed with the following output:
Change Dir: /home/pi2/video_transport/index/dlib-19.24/build/temp.linux-aarch64-cpython-311/CMakeFiles/CMakeScratch/TryCompile-QvvP7D

Run Build Command(s):/usr/bin/gmake -f Makefile cmTC_8fb0f/fast && /usr/bin/gmake  -f CMakeFiles/cmTC_8fb0f.dir/build.make CMakeFiles/cmTC_8fb0f.dir/build
gmake[1]: Entering directory '/home/pi2/video_transport/index/dlib-19.24/build/temp.linux-aarch64-cpython-311/CMakeFiles/CMakeScratch/TryCompile-QvvP7D'
Building C object CMakeFiles/cmTC_8fb0f.dir/CheckFunctionExists.c.o
/usr/bin/cc   -DCHECK_FUNCTION_EXISTS=cblas_ddot -fPIE -o CMakeFiles/cmTC_8fb0f.dir/CheckFunctionExists.c.o -c /home/pi2/video_transport/index/dlib-19.24/build/temp.linux-aarch64-cpython-311/CMakeFiles/CMakeScratch/TryCompile-QvvP7D/CheckFunctionExists.c
Linking C executable cmTC_8fb0f
/usr/bin/cmake -E cmake_link_script CMakeFiles/cmTC_8fb0f.dir/link.txt --verbose=1
/usr/bin/cc  -DCHECK_FUNCTION_EXISTS=cblas_ddot -rdynamic CMakeFiles/cmTC_8fb0f.dir/CheckFunctionExists.c.o -o cmTC_8fb0f 
/usr/bin/ld: CMakeFiles/cmTC_8fb0f.dir/CheckFunctionExists.c.o: in function `main':
CheckFunctionExists.c:(.text+0x10): undefined reference to `cblas_ddot'
collect2: error: ld returned 1 exit status
gmake[1]: *** [CMakeFiles/cmTC_8fb0f.dir/build.make:99: cmTC_8fb0f] Error 1
gmake[1]: Leaving directory '/home/pi2/video_transport/index/dlib-19.24/build/temp.linux-aarch64-cpython-311/CMakeFiles/CMakeScratch/TryCompile-QvvP7D'
gmake: *** [Makefile:127: cmTC_8fb0f/fast] Error 2



Determining if the function sgesv exists failed with the following output:
Change Dir: /home/pi2/video_transport/index/dlib-19.24/build/temp.linux-aarch64-cpython-311/CMakeFiles/CMakeScratch/TryCompile-wRqpfK

Run Build Command(s):/usr/bin/gmake -f Makefile cmTC_fc8ac/fast && /usr/bin/gmake  -f CMakeFiles/cmTC_fc8ac.dir/build.make CMakeFiles/cmTC_fc8ac.dir/build
gmake[1]: Entering directory '/home/pi2/video_transport/index/dlib-19.24/build/temp.linux-aarch64-cpython-311/CMakeFiles/CMakeScratch/TryCompile-wRqpfK'
Building C object CMakeFiles/cmTC_fc8ac.dir/CheckFunctionExists.c.o
/usr/bin/cc   -DCHECK_FUNCTION_EXISTS=sgesv -fPIE -o CMakeFiles/cmTC_fc8ac.dir/CheckFunctionExists.c.o -c /home/pi2/video_transport/index/dlib-19.24/build/temp.linux-aarch64-cpython-311/CMakeFiles/CMakeScratch/TryCompile-wRqpfK/CheckFunctionExists.c
Linking C executable cmTC_fc8ac
/usr/bin/cmake -E cmake_link_script CMakeFiles/cmTC_fc8ac.dir/link.txt --verbose=1
/usr/bin/cc  -DCHECK_FUNCTION_EXISTS=sgesv -rdynamic CMakeFiles/cmTC_fc8ac.dir/CheckFunctionExists.c.o -o cmTC_fc8ac 
/usr/bin/ld: CMakeFiles/cmTC_fc8ac.dir/CheckFunctionExists.c.o: in function `main':
CheckFunctionExists.c:(.text+0x10): undefined reference to `sgesv'
collect2: error: ld returned 1 exit status
gmake[1]: *** [CMakeFiles/cmTC_fc8ac.dir/build.make:99: cmTC_fc8ac] Error 1
gmake[1]: Leaving directory '/home/pi2/video_transport/index/dlib-19.24/build/temp.linux-aarch64-cpython-311/CMakeFiles/CMakeScratch/TryCompile-wRqpfK'
gmake: *** [Makefile:127: cmTC_fc8ac/fast] Error 2



Determining if the function sgesv_ exists failed with the following output:
Change Dir: /home/pi2/video_transport/index/dlib-19.24/build/temp.linux-aarch64-cpython-311/CMakeFiles/CMakeScratch/TryCompile-LQQLGp

Run Build Command(s):/usr/bin/gmake -f Makefile cmTC_ee86e/fast && /usr/bin/gmake  -f CMakeFiles/cmTC_ee86e.dir/build.make CMakeFiles/cmTC_ee86e.dir/build
gmake[1]: Entering directory '/home/pi2/video_transport/index/dlib-19.24/build/temp.linux-aarch64-cpython-311/CMakeFiles/CMakeScratch/TryCompile-LQQLGp'
Building C object CMakeFiles/cmTC_ee86e.dir/CheckFunctionExists.c.o
/usr/bin/cc   -DCHECK_FUNCTION_EXISTS=sgesv_ -fPIE -o CMakeFiles/cmTC_ee86e.dir/CheckFunctionExists.c.o -c /home/pi2/video_transport/index/dlib-19.24/build/temp.linux-aarch64-cpython-311/CMakeFiles/CMakeScratch/TryCompile-LQQLGp/CheckFunctionExists.c
Linking C executable cmTC_ee86e
/usr/bin/cmake -E cmake_link_script CMakeFiles/cmTC_ee86e.dir/link.txt --verbose=1
/usr/bin/cc  -DCHECK_FUNCTION_EXISTS=sgesv_ -rdynamic CMakeFiles/cmTC_ee86e.dir/CheckFunctionExists.c.o -o cmTC_ee86e 
/usr/bin/ld: CMakeFiles/cmTC_ee86e.dir/CheckFunctionExists.c.o: in function `main':
CheckFunctionExists.c:(.text+0x10): undefined reference to `sgesv_'
collect2: error: ld returned 1 exit status
gmake[1]: *** [CMakeFiles/cmTC_ee86e.dir/build.make:99: cmTC_ee86e] Error 1
gmake[1]: Leaving directory '/home/pi2/video_transport/index/dlib-19.24/build/temp.linux-aarch64-cpython-311/CMakeFiles/CMakeScratch/TryCompile-LQQLGp'
gmake: *** [Makefile:127: cmTC_ee86e/fast] Error 2



