The system is: Linux - 6.6.37-v8+ - aarch64
Compiling the C compiler identification source file "CMakeCCompilerId.c" succeeded.
Compiler: /usr/bin/cc 
Build flags: 
Id flags:  

The output was:
0


Compilation of the C compiler identification source "CMakeCCompilerId.c" produced "a.out"

The C compiler identification is GNU, found in "/home/pi2/video_transport/index/dlib-19.24/build/temp.linux-aarch64-cpython-311/CMakeFiles/3.25.1/CompilerIdC/a.out"

Compiling the CXX compiler identification source file "CMakeCXXCompilerId.cpp" succeeded.
Compiler: /usr/bin/c++ 
Build flags: 
Id flags:  

The output was:
0


Compilation of the CXX compiler identification source "CMakeCXXCompilerId.cpp" produced "a.out"

The CXX compiler identification is GNU, found in "/home/pi2/video_transport/index/dlib-19.24/build/temp.linux-aarch64-cpython-311/CMakeFiles/3.25.1/CompilerIdCXX/a.out"

Detecting C compiler ABI info compiled with the following output:
Change Dir: /home/pi2/video_transport/index/dlib-19.24/build/temp.linux-aarch64-cpython-311/CMakeFiles/CMakeScratch/TryCompile-MMRNSW

Run Build Command(s):/usr/bin/gmake -f Makefile cmTC_ba572/fast && /usr/bin/gmake  -f CMakeFiles/cmTC_ba572.dir/build.make CMakeFiles/cmTC_ba572.dir/build
gmake[1]: Entering directory '/home/pi2/video_transport/index/dlib-19.24/build/temp.linux-aarch64-cpython-311/CMakeFiles/CMakeScratch/TryCompile-MMRNSW'
Building C object CMakeFiles/cmTC_ba572.dir/CMakeCCompilerABI.c.o
/usr/bin/cc   -v -o CMakeFiles/cmTC_ba572.dir/CMakeCCompilerABI.c.o -c /usr/share/cmake-3.25/Modules/CMakeCCompilerABI.c
Using built-in specs.
COLLECT_GCC=/usr/bin/cc
Target: aarch64-linux-gnu
Configured with: ../src/configure -v --with-pkgversion='Debian 12.2.0-14' --with-bugurl=file:///usr/share/doc/gcc-12/README.Bugs --enable-languages=c,ada,c++,go,d,fortran,objc,obj-c++,m2 --prefix=/usr --with-gcc-major-version-only --program-suffix=-12 --program-prefix=aarch64-linux-gnu- --enable-shared --enable-linker-build-id --libexecdir=/usr/lib --without-included-gettext --enable-threads=posix --libdir=/usr/lib --enable-nls --enable-clocale=gnu --enable-libstdcxx-debug --enable-libstdcxx-time=yes --with-default-libstdcxx-abi=new --enable-gnu-unique-object --disable-libquadmath --disable-libquadmath-support --enable-plugin --enable-default-pie --with-system-zlib --enable-libphobos-checking=release --with-target-system-zlib=auto --enable-objc-gc=auto --enable-multiarch --enable-fix-cortex-a53-843419 --disable-werror --enable-checking=release --build=aarch64-linux-gnu --host=aarch64-linux-gnu --target=aarch64-linux-gnu
Thread model: posix
Supported LTO compression algorithms: zlib zstd
gcc version 12.2.0 (Debian 12.2.0-14) 
COLLECT_GCC_OPTIONS='-v' '-o' 'CMakeFiles/cmTC_ba572.dir/CMakeCCompilerABI.c.o' '-c' '-mlittle-endian' '-mabi=lp64' '-dumpdir' 'CMakeFiles/cmTC_ba572.dir/'
 /usr/lib/gcc/aarch64-linux-gnu/12/cc1 -quiet -v -imultiarch aarch64-linux-gnu /usr/share/cmake-3.25/Modules/CMakeCCompilerABI.c -quiet -dumpdir CMakeFiles/cmTC_ba572.dir/ -dumpbase CMakeCCompilerABI.c.c -dumpbase-ext .c -mlittle-endian -mabi=lp64 -version -fasynchronous-unwind-tables -o /tmp/cc9qO8Ep.s
GNU C17 (Debian 12.2.0-14) version 12.2.0 (aarch64-linux-gnu)
	compiled by GNU C version 12.2.0, GMP version 6.2.1, MPFR version 4.1.1-p1, MPC version 1.3.1, isl version isl-0.25-GMP

warning: MPFR header version 4.1.1-p1 differs from library version 4.2.0.
GGC heuristics: --param ggc-min-expand=100 --param ggc-min-heapsize=131072
ignoring nonexistent directory "/usr/local/include/aarch64-linux-gnu"
ignoring nonexistent directory "/usr/lib/gcc/aarch64-linux-gnu/12/include-fixed"
ignoring nonexistent directory "/usr/lib/gcc/aarch64-linux-gnu/12/../../../../aarch64-linux-gnu/include"
#include "..." search starts here:
#include <...> search starts here:
 /usr/lib/gcc/aarch64-linux-gnu/12/include
 /usr/local/include
 /usr/include/aarch64-linux-gnu
 /usr/include
End of search list.
GNU C17 (Debian 12.2.0-14) version 12.2.0 (aarch64-linux-gnu)
	compiled by GNU C version 12.2.0, GMP version 6.2.1, MPFR version 4.1.1-p1, MPC version 1.3.1, isl version isl-0.25-GMP

warning: MPFR header version 4.1.1-p1 differs from library version 4.2.0.
GGC heuristics: --param ggc-min-expand=100 --param ggc-min-heapsize=131072
Compiler executable checksum: f1bacec099212325d0da3c77e1f38897
COLLECT_GCC_OPTIONS='-v' '-o' 'CMakeFiles/cmTC_ba572.dir/CMakeCCompilerABI.c.o' '-c' '-mlittle-endian' '-mabi=lp64' '-dumpdir' 'CMakeFiles/cmTC_ba572.dir/'
 as -v -EL -mabi=lp64 -o CMakeFiles/cmTC_ba572.dir/CMakeCCompilerABI.c.o /tmp/cc9qO8Ep.s
GNU assembler version 2.40 (aarch64-linux-gnu) using BFD version (GNU Binutils for Debian) 2.40
COMPILER_PATH=/usr/lib/gcc/aarch64-linux-gnu/12/:/usr/lib/gcc/aarch64-linux-gnu/12/:/usr/lib/gcc/aarch64-linux-gnu/:/usr/lib/gcc/aarch64-linux-gnu/12/:/usr/lib/gcc/aarch64-linux-gnu/
LIBRARY_PATH=/usr/lib/gcc/aarch64-linux-gnu/12/:/usr/lib/gcc/aarch64-linux-gnu/12/../../../aarch64-linux-gnu/:/usr/lib/gcc/aarch64-linux-gnu/12/../../../../lib/:/lib/aarch64-linux-gnu/:/lib/../lib/:/usr/lib/aarch64-linux-gnu/:/usr/lib/../lib/:/usr/lib/gcc/aarch64-linux-gnu/12/../../../:/lib/:/usr/lib/
COLLECT_GCC_OPTIONS='-v' '-o' 'CMakeFiles/cmTC_ba572.dir/CMakeCCompilerABI.c.o' '-c' '-mlittle-endian' '-mabi=lp64' '-dumpdir' 'CMakeFiles/cmTC_ba572.dir/CMakeCCompilerABI.c.'
Linking C executable cmTC_ba572
/usr/bin/cmake -E cmake_link_script CMakeFiles/cmTC_ba572.dir/link.txt --verbose=1
/usr/bin/cc  -v -rdynamic CMakeFiles/cmTC_ba572.dir/CMakeCCompilerABI.c.o -o cmTC_ba572 
Using built-in specs.
COLLECT_GCC=/usr/bin/cc
COLLECT_LTO_WRAPPER=/usr/lib/gcc/aarch64-linux-gnu/12/lto-wrapper
Target: aarch64-linux-gnu
Configured with: ../src/configure -v --with-pkgversion='Debian 12.2.0-14' --with-bugurl=file:///usr/share/doc/gcc-12/README.Bugs --enable-languages=c,ada,c++,go,d,fortran,objc,obj-c++,m2 --prefix=/usr --with-gcc-major-version-only --program-suffix=-12 --program-prefix=aarch64-linux-gnu- --enable-shared --enable-linker-build-id --libexecdir=/usr/lib --without-included-gettext --enable-threads=posix --libdir=/usr/lib --enable-nls --enable-clocale=gnu --enable-libstdcxx-debug --enable-libstdcxx-time=yes --with-default-libstdcxx-abi=new --enable-gnu-unique-object --disable-libquadmath --disable-libquadmath-support --enable-plugin --enable-default-pie --with-system-zlib --enable-libphobos-checking=release --with-target-system-zlib=auto --enable-objc-gc=auto --enable-multiarch --enable-fix-cortex-a53-843419 --disable-werror --enable-checking=release --build=aarch64-linux-gnu --host=aarch64-linux-gnu --target=aarch64-linux-gnu
Thread model: posix
Supported LTO compression algorithms: zlib zstd
gcc version 12.2.0 (Debian 12.2.0-14) 
COMPILER_PATH=/usr/lib/gcc/aarch64-linux-gnu/12/:/usr/lib/gcc/aarch64-linux-gnu/12/:/usr/lib/gcc/aarch64-linux-gnu/:/usr/lib/gcc/aarch64-linux-gnu/12/:/usr/lib/gcc/aarch64-linux-gnu/
LIBRARY_PATH=/usr/lib/gcc/aarch64-linux-gnu/12/:/usr/lib/gcc/aarch64-linux-gnu/12/../../../aarch64-linux-gnu/:/usr/lib/gcc/aarch64-linux-gnu/12/../../../../lib/:/lib/aarch64-linux-gnu/:/lib/../lib/:/usr/lib/aarch64-linux-gnu/:/usr/lib/../lib/:/usr/lib/gcc/aarch64-linux-gnu/12/../../../:/lib/:/usr/lib/
COLLECT_GCC_OPTIONS='-v' '-rdynamic' '-o' 'cmTC_ba572' '-mlittle-endian' '-mabi=lp64' '-dumpdir' 'cmTC_ba572.'
 /usr/lib/gcc/aarch64-linux-gnu/12/collect2 -plugin /usr/lib/gcc/aarch64-linux-gnu/12/liblto_plugin.so -plugin-opt=/usr/lib/gcc/aarch64-linux-gnu/12/lto-wrapper -plugin-opt=-fresolution=/tmp/ccr9kU5F.res -plugin-opt=-pass-through=-lgcc -plugin-opt=-pass-through=-lgcc_s -plugin-opt=-pass-through=-lc -plugin-opt=-pass-through=-lgcc -plugin-opt=-pass-through=-lgcc_s --build-id --eh-frame-hdr --hash-style=gnu --as-needed -export-dynamic -dynamic-linker /lib/ld-linux-aarch64.so.1 -X -EL -maarch64linux --fix-cortex-a53-843419 -pie -o cmTC_ba572 /usr/lib/gcc/aarch64-linux-gnu/12/../../../aarch64-linux-gnu/Scrt1.o /usr/lib/gcc/aarch64-linux-gnu/12/../../../aarch64-linux-gnu/crti.o /usr/lib/gcc/aarch64-linux-gnu/12/crtbeginS.o -L/usr/lib/gcc/aarch64-linux-gnu/12 -L/usr/lib/gcc/aarch64-linux-gnu/12/../../../aarch64-linux-gnu -L/usr/lib/gcc/aarch64-linux-gnu/12/../../../../lib -L/lib/aarch64-linux-gnu -L/lib/../lib -L/usr/lib/aarch64-linux-gnu -L/usr/lib/../lib -L/usr/lib/gcc/aarch64-linux-gnu/12/../../.. CMakeFiles/cmTC_ba572.dir/CMakeCCompilerABI.c.o -lgcc --push-state --as-needed -lgcc_s --pop-state -lc -lgcc --push-state --as-needed -lgcc_s --pop-state /usr/lib/gcc/aarch64-linux-gnu/12/crtendS.o /usr/lib/gcc/aarch64-linux-gnu/12/../../../aarch64-linux-gnu/crtn.o
COLLECT_GCC_OPTIONS='-v' '-rdynamic' '-o' 'cmTC_ba572' '-mlittle-endian' '-mabi=lp64' '-dumpdir' 'cmTC_ba572.'
gmake[1]: Leaving directory '/home/pi2/video_transport/index/dlib-19.24/build/temp.linux-aarch64-cpython-311/CMakeFiles/CMakeScratch/TryCompile-MMRNSW'



Parsed C implicit include dir info from above output: rv=done
  found start of include info
  found start of implicit include info
    add: [/usr/lib/gcc/aarch64-linux-gnu/12/include]
    add: [/usr/local/include]
    add: [/usr/include/aarch64-linux-gnu]
    add: [/usr/include]
  end of search list found
  collapse include dir [/usr/lib/gcc/aarch64-linux-gnu/12/include] ==> [/usr/lib/gcc/aarch64-linux-gnu/12/include]
  collapse include dir [/usr/local/include] ==> [/usr/local/include]
  collapse include dir [/usr/include/aarch64-linux-gnu] ==> [/usr/include/aarch64-linux-gnu]
  collapse include dir [/usr/include] ==> [/usr/include]
  implicit include dirs: [/usr/lib/gcc/aarch64-linux-gnu/12/include;/usr/local/include;/usr/include/aarch64-linux-gnu;/usr/include]


Parsed C implicit link information from above output:
  link line regex: [^( *|.*[/\])(ld|CMAKE_LINK_STARTFILE-NOTFOUND|([^/\]+-)?ld|collect2)[^/\]*( |$)]
  ignore line: [Change Dir: /home/pi2/video_transport/index/dlib-19.24/build/temp.linux-aarch64-cpython-311/CMakeFiles/CMakeScratch/TryCompile-MMRNSW]
  ignore line: []
  ignore line: [Run Build Command(s):/usr/bin/gmake -f Makefile cmTC_ba572/fast && /usr/bin/gmake  -f CMakeFiles/cmTC_ba572.dir/build.make CMakeFiles/cmTC_ba572.dir/build]
  ignore line: [gmake[1]: Entering directory '/home/pi2/video_transport/index/dlib-19.24/build/temp.linux-aarch64-cpython-311/CMakeFiles/CMakeScratch/TryCompile-MMRNSW']
  ignore line: [Building C object CMakeFiles/cmTC_ba572.dir/CMakeCCompilerABI.c.o]
  ignore line: [/usr/bin/cc   -v -o CMakeFiles/cmTC_ba572.dir/CMakeCCompilerABI.c.o -c /usr/share/cmake-3.25/Modules/CMakeCCompilerABI.c]
  ignore line: [Using built-in specs.]
  ignore line: [COLLECT_GCC=/usr/bin/cc]
  ignore line: [Target: aarch64-linux-gnu]
  ignore line: [Configured with: ../src/configure -v --with-pkgversion='Debian 12.2.0-14' --with-bugurl=file:///usr/share/doc/gcc-12/README.Bugs --enable-languages=c ada c++ go d fortran objc obj-c++ m2 --prefix=/usr --with-gcc-major-version-only --program-suffix=-12 --program-prefix=aarch64-linux-gnu- --enable-shared --enable-linker-build-id --libexecdir=/usr/lib --without-included-gettext --enable-threads=posix --libdir=/usr/lib --enable-nls --enable-clocale=gnu --enable-libstdcxx-debug --enable-libstdcxx-time=yes --with-default-libstdcxx-abi=new --enable-gnu-unique-object --disable-libquadmath --disable-libquadmath-support --enable-plugin --enable-default-pie --with-system-zlib --enable-libphobos-checking=release --with-target-system-zlib=auto --enable-objc-gc=auto --enable-multiarch --enable-fix-cortex-a53-843419 --disable-werror --enable-checking=release --build=aarch64-linux-gnu --host=aarch64-linux-gnu --target=aarch64-linux-gnu]
  ignore line: [Thread model: posix]
  ignore line: [Supported LTO compression algorithms: zlib zstd]
  ignore line: [gcc version 12.2.0 (Debian 12.2.0-14) ]
  ignore line: [COLLECT_GCC_OPTIONS='-v' '-o' 'CMakeFiles/cmTC_ba572.dir/CMakeCCompilerABI.c.o' '-c' '-mlittle-endian' '-mabi=lp64' '-dumpdir' 'CMakeFiles/cmTC_ba572.dir/']
  ignore line: [ /usr/lib/gcc/aarch64-linux-gnu/12/cc1 -quiet -v -imultiarch aarch64-linux-gnu /usr/share/cmake-3.25/Modules/CMakeCCompilerABI.c -quiet -dumpdir CMakeFiles/cmTC_ba572.dir/ -dumpbase CMakeCCompilerABI.c.c -dumpbase-ext .c -mlittle-endian -mabi=lp64 -version -fasynchronous-unwind-tables -o /tmp/cc9qO8Ep.s]
  ignore line: [GNU C17 (Debian 12.2.0-14) version 12.2.0 (aarch64-linux-gnu)]
  ignore line: [	compiled by GNU C version 12.2.0  GMP version 6.2.1  MPFR version 4.1.1-p1  MPC version 1.3.1  isl version isl-0.25-GMP]
  ignore line: []
  ignore line: [warning: MPFR header version 4.1.1-p1 differs from library version 4.2.0.]
  ignore line: [GGC heuristics: --param ggc-min-expand=100 --param ggc-min-heapsize=131072]
  ignore line: [ignoring nonexistent directory "/usr/local/include/aarch64-linux-gnu"]
  ignore line: [ignoring nonexistent directory "/usr/lib/gcc/aarch64-linux-gnu/12/include-fixed"]
  ignore line: [ignoring nonexistent directory "/usr/lib/gcc/aarch64-linux-gnu/12/../../../../aarch64-linux-gnu/include"]
  ignore line: [#include "..." search starts here:]
  ignore line: [#include <...> search starts here:]
  ignore line: [ /usr/lib/gcc/aarch64-linux-gnu/12/include]
  ignore line: [ /usr/local/include]
  ignore line: [ /usr/include/aarch64-linux-gnu]
  ignore line: [ /usr/include]
  ignore line: [End of search list.]
  ignore line: [GNU C17 (Debian 12.2.0-14) version 12.2.0 (aarch64-linux-gnu)]
  ignore line: [	compiled by GNU C version 12.2.0  GMP version 6.2.1  MPFR version 4.1.1-p1  MPC version 1.3.1  isl version isl-0.25-GMP]
  ignore line: []
  ignore line: [warning: MPFR header version 4.1.1-p1 differs from library version 4.2.0.]
  ignore line: [GGC heuristics: --param ggc-min-expand=100 --param ggc-min-heapsize=131072]
  ignore line: [Compiler executable checksum: f1bacec099212325d0da3c77e1f38897]
  ignore line: [COLLECT_GCC_OPTIONS='-v' '-o' 'CMakeFiles/cmTC_ba572.dir/CMakeCCompilerABI.c.o' '-c' '-mlittle-endian' '-mabi=lp64' '-dumpdir' 'CMakeFiles/cmTC_ba572.dir/']
  ignore line: [ as -v -EL -mabi=lp64 -o CMakeFiles/cmTC_ba572.dir/CMakeCCompilerABI.c.o /tmp/cc9qO8Ep.s]
  ignore line: [GNU assembler version 2.40 (aarch64-linux-gnu) using BFD version (GNU Binutils for Debian) 2.40]
  ignore line: [COMPILER_PATH=/usr/lib/gcc/aarch64-linux-gnu/12/:/usr/lib/gcc/aarch64-linux-gnu/12/:/usr/lib/gcc/aarch64-linux-gnu/:/usr/lib/gcc/aarch64-linux-gnu/12/:/usr/lib/gcc/aarch64-linux-gnu/]
  ignore line: [LIBRARY_PATH=/usr/lib/gcc/aarch64-linux-gnu/12/:/usr/lib/gcc/aarch64-linux-gnu/12/../../../aarch64-linux-gnu/:/usr/lib/gcc/aarch64-linux-gnu/12/../../../../lib/:/lib/aarch64-linux-gnu/:/lib/../lib/:/usr/lib/aarch64-linux-gnu/:/usr/lib/../lib/:/usr/lib/gcc/aarch64-linux-gnu/12/../../../:/lib/:/usr/lib/]
  ignore line: [COLLECT_GCC_OPTIONS='-v' '-o' 'CMakeFiles/cmTC_ba572.dir/CMakeCCompilerABI.c.o' '-c' '-mlittle-endian' '-mabi=lp64' '-dumpdir' 'CMakeFiles/cmTC_ba572.dir/CMakeCCompilerABI.c.']
  ignore line: [Linking C executable cmTC_ba572]
  ignore line: [/usr/bin/cmake -E cmake_link_script CMakeFiles/cmTC_ba572.dir/link.txt --verbose=1]
  ignore line: [/usr/bin/cc  -v -rdynamic CMakeFiles/cmTC_ba572.dir/CMakeCCompilerABI.c.o -o cmTC_ba572 ]
  ignore line: [Using built-in specs.]
  ignore line: [COLLECT_GCC=/usr/bin/cc]
  ignore line: [COLLECT_LTO_WRAPPER=/usr/lib/gcc/aarch64-linux-gnu/12/lto-wrapper]
  ignore line: [Target: aarch64-linux-gnu]
  ignore line: [Configured with: ../src/configure -v --with-pkgversion='Debian 12.2.0-14' --with-bugurl=file:///usr/share/doc/gcc-12/README.Bugs --enable-languages=c ada c++ go d fortran objc obj-c++ m2 --prefix=/usr --with-gcc-major-version-only --program-suffix=-12 --program-prefix=aarch64-linux-gnu- --enable-shared --enable-linker-build-id --libexecdir=/usr/lib --without-included-gettext --enable-threads=posix --libdir=/usr/lib --enable-nls --enable-clocale=gnu --enable-libstdcxx-debug --enable-libstdcxx-time=yes --with-default-libstdcxx-abi=new --enable-gnu-unique-object --disable-libquadmath --disable-libquadmath-support --enable-plugin --enable-default-pie --with-system-zlib --enable-libphobos-checking=release --with-target-system-zlib=auto --enable-objc-gc=auto --enable-multiarch --enable-fix-cortex-a53-843419 --disable-werror --enable-checking=release --build=aarch64-linux-gnu --host=aarch64-linux-gnu --target=aarch64-linux-gnu]
  ignore line: [Thread model: posix]
  ignore line: [Supported LTO compression algorithms: zlib zstd]
  ignore line: [gcc version 12.2.0 (Debian 12.2.0-14) ]
  ignore line: [COMPILER_PATH=/usr/lib/gcc/aarch64-linux-gnu/12/:/usr/lib/gcc/aarch64-linux-gnu/12/:/usr/lib/gcc/aarch64-linux-gnu/:/usr/lib/gcc/aarch64-linux-gnu/12/:/usr/lib/gcc/aarch64-linux-gnu/]
  ignore line: [LIBRARY_PATH=/usr/lib/gcc/aarch64-linux-gnu/12/:/usr/lib/gcc/aarch64-linux-gnu/12/../../../aarch64-linux-gnu/:/usr/lib/gcc/aarch64-linux-gnu/12/../../../../lib/:/lib/aarch64-linux-gnu/:/lib/../lib/:/usr/lib/aarch64-linux-gnu/:/usr/lib/../lib/:/usr/lib/gcc/aarch64-linux-gnu/12/../../../:/lib/:/usr/lib/]
  ignore line: [COLLECT_GCC_OPTIONS='-v' '-rdynamic' '-o' 'cmTC_ba572' '-mlittle-endian' '-mabi=lp64' '-dumpdir' 'cmTC_ba572.']
  link line: [ /usr/lib/gcc/aarch64-linux-gnu/12/collect2 -plugin /usr/lib/gcc/aarch64-linux-gnu/12/liblto_plugin.so -plugin-opt=/usr/lib/gcc/aarch64-linux-gnu/12/lto-wrapper -plugin-opt=-fresolution=/tmp/ccr9kU5F.res -plugin-opt=-pass-through=-lgcc -plugin-opt=-pass-through=-lgcc_s -plugin-opt=-pass-through=-lc -plugin-opt=-pass-through=-lgcc -plugin-opt=-pass-through=-lgcc_s --build-id --eh-frame-hdr --hash-style=gnu --as-needed -export-dynamic -dynamic-linker /lib/ld-linux-aarch64.so.1 -X -EL -maarch64linux --fix-cortex-a53-843419 -pie -o cmTC_ba572 /usr/lib/gcc/aarch64-linux-gnu/12/../../../aarch64-linux-gnu/Scrt1.o /usr/lib/gcc/aarch64-linux-gnu/12/../../../aarch64-linux-gnu/crti.o /usr/lib/gcc/aarch64-linux-gnu/12/crtbeginS.o -L/usr/lib/gcc/aarch64-linux-gnu/12 -L/usr/lib/gcc/aarch64-linux-gnu/12/../../../aarch64-linux-gnu -L/usr/lib/gcc/aarch64-linux-gnu/12/../../../../lib -L/lib/aarch64-linux-gnu -L/lib/../lib -L/usr/lib/aarch64-linux-gnu -L/usr/lib/../lib -L/usr/lib/gcc/aarch64-linux-gnu/12/../../.. CMakeFiles/cmTC_ba572.dir/CMakeCCompilerABI.c.o -lgcc --push-state --as-needed -lgcc_s --pop-state -lc -lgcc --push-state --as-needed -lgcc_s --pop-state /usr/lib/gcc/aarch64-linux-gnu/12/crtendS.o /usr/lib/gcc/aarch64-linux-gnu/12/../../../aarch64-linux-gnu/crtn.o]
    arg [/usr/lib/gcc/aarch64-linux-gnu/12/collect2] ==> ignore
    arg [-plugin] ==> ignore
    arg [/usr/lib/gcc/aarch64-linux-gnu/12/liblto_plugin.so] ==> ignore
    arg [-plugin-opt=/usr/lib/gcc/aarch64-linux-gnu/12/lto-wrapper] ==> ignore
    arg [-plugin-opt=-fresolution=/tmp/ccr9kU5F.res] ==> ignore
    arg [-plugin-opt=-pass-through=-lgcc] ==> ignore
    arg [-plugin-opt=-pass-through=-lgcc_s] ==> ignore
    arg [-plugin-opt=-pass-through=-lc] ==> ignore
    arg [-plugin-opt=-pass-through=-lgcc] ==> ignore
    arg [-plugin-opt=-pass-through=-lgcc_s] ==> ignore
    arg [--build-id] ==> ignore
    arg [--eh-frame-hdr] ==> ignore
    arg [--hash-style=gnu] ==> ignore
    arg [--as-needed] ==> ignore
    arg [-export-dynamic] ==> ignore
    arg [-dynamic-linker] ==> ignore
    arg [/lib/ld-linux-aarch64.so.1] ==> ignore
    arg [-X] ==> ignore
    arg [-EL] ==> ignore
    arg [-maarch64linux] ==> ignore
    arg [--fix-cortex-a53-843419] ==> ignore
    arg [-pie] ==> ignore
    arg [-o] ==> ignore
    arg [cmTC_ba572] ==> ignore
    arg [/usr/lib/gcc/aarch64-linux-gnu/12/../../../aarch64-linux-gnu/Scrt1.o] ==> obj [/usr/lib/gcc/aarch64-linux-gnu/12/../../../aarch64-linux-gnu/Scrt1.o]
    arg [/usr/lib/gcc/aarch64-linux-gnu/12/../../../aarch64-linux-gnu/crti.o] ==> obj [/usr/lib/gcc/aarch64-linux-gnu/12/../../../aarch64-linux-gnu/crti.o]
    arg [/usr/lib/gcc/aarch64-linux-gnu/12/crtbeginS.o] ==> obj [/usr/lib/gcc/aarch64-linux-gnu/12/crtbeginS.o]
    arg [-L/usr/lib/gcc/aarch64-linux-gnu/12] ==> dir [/usr/lib/gcc/aarch64-linux-gnu/12]
    arg [-L/usr/lib/gcc/aarch64-linux-gnu/12/../../../aarch64-linux-gnu] ==> dir [/usr/lib/gcc/aarch64-linux-gnu/12/../../../aarch64-linux-gnu]
    arg [-L/usr/lib/gcc/aarch64-linux-gnu/12/../../../../lib] ==> dir [/usr/lib/gcc/aarch64-linux-gnu/12/../../../../lib]
    arg [-L/lib/aarch64-linux-gnu] ==> dir [/lib/aarch64-linux-gnu]
    arg [-L/lib/../lib] ==> dir [/lib/../lib]
    arg [-L/usr/lib/aarch64-linux-gnu] ==> dir [/usr/lib/aarch64-linux-gnu]
    arg [-L/usr/lib/../lib] ==> dir [/usr/lib/../lib]
    arg [-L/usr/lib/gcc/aarch64-linux-gnu/12/../../..] ==> dir [/usr/lib/gcc/aarch64-linux-gnu/12/../../..]
    arg [CMakeFiles/cmTC_ba572.dir/CMakeCCompilerABI.c.o] ==> ignore
    arg [-lgcc] ==> lib [gcc]
    arg [--push-state] ==> ignore
    arg [--as-needed] ==> ignore
    arg [-lgcc_s] ==> lib [gcc_s]
    arg [--pop-state] ==> ignore
    arg [-lc] ==> lib [c]
    arg [-lgcc] ==> lib [gcc]
    arg [--push-state] ==> ignore
    arg [--as-needed] ==> ignore
    arg [-lgcc_s] ==> lib [gcc_s]
    arg [--pop-state] ==> ignore
    arg [/usr/lib/gcc/aarch64-linux-gnu/12/crtendS.o] ==> obj [/usr/lib/gcc/aarch64-linux-gnu/12/crtendS.o]
    arg [/usr/lib/gcc/aarch64-linux-gnu/12/../../../aarch64-linux-gnu/crtn.o] ==> obj [/usr/lib/gcc/aarch64-linux-gnu/12/../../../aarch64-linux-gnu/crtn.o]
  collapse obj [/usr/lib/gcc/aarch64-linux-gnu/12/../../../aarch64-linux-gnu/Scrt1.o] ==> [/usr/lib/aarch64-linux-gnu/Scrt1.o]
  collapse obj [/usr/lib/gcc/aarch64-linux-gnu/12/../../../aarch64-linux-gnu/crti.o] ==> [/usr/lib/aarch64-linux-gnu/crti.o]
  collapse obj [/usr/lib/gcc/aarch64-linux-gnu/12/../../../aarch64-linux-gnu/crtn.o] ==> [/usr/lib/aarch64-linux-gnu/crtn.o]
  collapse library dir [/usr/lib/gcc/aarch64-linux-gnu/12] ==> [/usr/lib/gcc/aarch64-linux-gnu/12]
  collapse library dir [/usr/lib/gcc/aarch64-linux-gnu/12/../../../aarch64-linux-gnu] ==> [/usr/lib/aarch64-linux-gnu]
  collapse library dir [/usr/lib/gcc/aarch64-linux-gnu/12/../../../../lib] ==> [/usr/lib]
  collapse library dir [/lib/aarch64-linux-gnu] ==> [/lib/aarch64-linux-gnu]
  collapse library dir [/lib/../lib] ==> [/lib]
  collapse library dir [/usr/lib/aarch64-linux-gnu] ==> [/usr/lib/aarch64-linux-gnu]
  collapse library dir [/usr/lib/../lib] ==> [/usr/lib]
  collapse library dir [/usr/lib/gcc/aarch64-linux-gnu/12/../../..] ==> [/usr/lib]
  implicit libs: [gcc;gcc_s;c;gcc;gcc_s]
  implicit objs: [/usr/lib/aarch64-linux-gnu/Scrt1.o;/usr/lib/aarch64-linux-gnu/crti.o;/usr/lib/gcc/aarch64-linux-gnu/12/crtbeginS.o;/usr/lib/gcc/aarch64-linux-gnu/12/crtendS.o;/usr/lib/aarch64-linux-gnu/crtn.o]
  implicit dirs: [/usr/lib/gcc/aarch64-linux-gnu/12;/usr/lib/aarch64-linux-gnu;/usr/lib;/lib/aarch64-linux-gnu;/lib]
  implicit fwks: []


Detecting CXX compiler ABI info compiled with the following output:
Change Dir: /home/pi2/video_transport/index/dlib-19.24/build/temp.linux-aarch64-cpython-311/CMakeFiles/CMakeScratch/TryCompile-nRXGp0

Run Build Command(s):/usr/bin/gmake -f Makefile cmTC_6f6a7/fast && /usr/bin/gmake  -f CMakeFiles/cmTC_6f6a7.dir/build.make CMakeFiles/cmTC_6f6a7.dir/build
gmake[1]: Entering directory '/home/pi2/video_transport/index/dlib-19.24/build/temp.linux-aarch64-cpython-311/CMakeFiles/CMakeScratch/TryCompile-nRXGp0'
Building CXX object CMakeFiles/cmTC_6f6a7.dir/CMakeCXXCompilerABI.cpp.o
/usr/bin/c++   -v -o CMakeFiles/cmTC_6f6a7.dir/CMakeCXXCompilerABI.cpp.o -c /usr/share/cmake-3.25/Modules/CMakeCXXCompilerABI.cpp
Using built-in specs.
COLLECT_GCC=/usr/bin/c++
Target: aarch64-linux-gnu
Configured with: ../src/configure -v --with-pkgversion='Debian 12.2.0-14' --with-bugurl=file:///usr/share/doc/gcc-12/README.Bugs --enable-languages=c,ada,c++,go,d,fortran,objc,obj-c++,m2 --prefix=/usr --with-gcc-major-version-only --program-suffix=-12 --program-prefix=aarch64-linux-gnu- --enable-shared --enable-linker-build-id --libexecdir=/usr/lib --without-included-gettext --enable-threads=posix --libdir=/usr/lib --enable-nls --enable-clocale=gnu --enable-libstdcxx-debug --enable-libstdcxx-time=yes --with-default-libstdcxx-abi=new --enable-gnu-unique-object --disable-libquadmath --disable-libquadmath-support --enable-plugin --enable-default-pie --with-system-zlib --enable-libphobos-checking=release --with-target-system-zlib=auto --enable-objc-gc=auto --enable-multiarch --enable-fix-cortex-a53-843419 --disable-werror --enable-checking=release --build=aarch64-linux-gnu --host=aarch64-linux-gnu --target=aarch64-linux-gnu
Thread model: posix
Supported LTO compression algorithms: zlib zstd
gcc version 12.2.0 (Debian 12.2.0-14) 
COLLECT_GCC_OPTIONS='-v' '-o' 'CMakeFiles/cmTC_6f6a7.dir/CMakeCXXCompilerABI.cpp.o' '-c' '-shared-libgcc' '-mlittle-endian' '-mabi=lp64' '-dumpdir' 'CMakeFiles/cmTC_6f6a7.dir/'
 /usr/lib/gcc/aarch64-linux-gnu/12/cc1plus -quiet -v -imultiarch aarch64-linux-gnu -D_GNU_SOURCE /usr/share/cmake-3.25/Modules/CMakeCXXCompilerABI.cpp -quiet -dumpdir CMakeFiles/cmTC_6f6a7.dir/ -dumpbase CMakeCXXCompilerABI.cpp.cpp -dumpbase-ext .cpp -mlittle-endian -mabi=lp64 -version -fasynchronous-unwind-tables -o /tmp/ccIIdS5Q.s
GNU C++17 (Debian 12.2.0-14) version 12.2.0 (aarch64-linux-gnu)
	compiled by GNU C version 12.2.0, GMP version 6.2.1, MPFR version 4.1.1-p1, MPC version 1.3.1, isl version isl-0.25-GMP

warning: MPFR header version 4.1.1-p1 differs from library version 4.2.0.
GGC heuristics: --param ggc-min-expand=100 --param ggc-min-heapsize=131072
ignoring duplicate directory "/usr/include/aarch64-linux-gnu/c++/12"
ignoring nonexistent directory "/usr/local/include/aarch64-linux-gnu"
ignoring nonexistent directory "/usr/lib/gcc/aarch64-linux-gnu/12/include-fixed"
ignoring nonexistent directory "/usr/lib/gcc/aarch64-linux-gnu/12/../../../../aarch64-linux-gnu/include"
#include "..." search starts here:
#include <...> search starts here:
 /usr/include/c++/12
 /usr/include/aarch64-linux-gnu/c++/12
 /usr/include/c++/12/backward
 /usr/lib/gcc/aarch64-linux-gnu/12/include
 /usr/local/include
 /usr/include/aarch64-linux-gnu
 /usr/include
End of search list.
GNU C++17 (Debian 12.2.0-14) version 12.2.0 (aarch64-linux-gnu)
	compiled by GNU C version 12.2.0, GMP version 6.2.1, MPFR version 4.1.1-p1, MPC version 1.3.1, isl version isl-0.25-GMP

warning: MPFR header version 4.1.1-p1 differs from library version 4.2.0.
GGC heuristics: --param ggc-min-expand=100 --param ggc-min-heapsize=131072
Compiler executable checksum: 76d6f14273b9515783c50374b109b352
COLLECT_GCC_OPTIONS='-v' '-o' 'CMakeFiles/cmTC_6f6a7.dir/CMakeCXXCompilerABI.cpp.o' '-c' '-shared-libgcc' '-mlittle-endian' '-mabi=lp64' '-dumpdir' 'CMakeFiles/cmTC_6f6a7.dir/'
 as -v -EL -mabi=lp64 -o CMakeFiles/cmTC_6f6a7.dir/CMakeCXXCompilerABI.cpp.o /tmp/ccIIdS5Q.s
GNU assembler version 2.40 (aarch64-linux-gnu) using BFD version (GNU Binutils for Debian) 2.40
COMPILER_PATH=/usr/lib/gcc/aarch64-linux-gnu/12/:/usr/lib/gcc/aarch64-linux-gnu/12/:/usr/lib/gcc/aarch64-linux-gnu/:/usr/lib/gcc/aarch64-linux-gnu/12/:/usr/lib/gcc/aarch64-linux-gnu/
LIBRARY_PATH=/usr/lib/gcc/aarch64-linux-gnu/12/:/usr/lib/gcc/aarch64-linux-gnu/12/../../../aarch64-linux-gnu/:/usr/lib/gcc/aarch64-linux-gnu/12/../../../../lib/:/lib/aarch64-linux-gnu/:/lib/../lib/:/usr/lib/aarch64-linux-gnu/:/usr/lib/../lib/:/usr/lib/gcc/aarch64-linux-gnu/12/../../../:/lib/:/usr/lib/
COLLECT_GCC_OPTIONS='-v' '-o' 'CMakeFiles/cmTC_6f6a7.dir/CMakeCXXCompilerABI.cpp.o' '-c' '-shared-libgcc' '-mlittle-endian' '-mabi=lp64' '-dumpdir' 'CMakeFiles/cmTC_6f6a7.dir/CMakeCXXCompilerABI.cpp.'
Linking CXX executable cmTC_6f6a7
/usr/bin/cmake -E cmake_link_script CMakeFiles/cmTC_6f6a7.dir/link.txt --verbose=1
/usr/bin/c++  -v -rdynamic CMakeFiles/cmTC_6f6a7.dir/CMakeCXXCompilerABI.cpp.o -o cmTC_6f6a7 
Using built-in specs.
COLLECT_GCC=/usr/bin/c++
COLLECT_LTO_WRAPPER=/usr/lib/gcc/aarch64-linux-gnu/12/lto-wrapper
Target: aarch64-linux-gnu
Configured with: ../src/configure -v --with-pkgversion='Debian 12.2.0-14' --with-bugurl=file:///usr/share/doc/gcc-12/README.Bugs --enable-languages=c,ada,c++,go,d,fortran,objc,obj-c++,m2 --prefix=/usr --with-gcc-major-version-only --program-suffix=-12 --program-prefix=aarch64-linux-gnu- --enable-shared --enable-linker-build-id --libexecdir=/usr/lib --without-included-gettext --enable-threads=posix --libdir=/usr/lib --enable-nls --enable-clocale=gnu --enable-libstdcxx-debug --enable-libstdcxx-time=yes --with-default-libstdcxx-abi=new --enable-gnu-unique-object --disable-libquadmath --disable-libquadmath-support --enable-plugin --enable-default-pie --with-system-zlib --enable-libphobos-checking=release --with-target-system-zlib=auto --enable-objc-gc=auto --enable-multiarch --enable-fix-cortex-a53-843419 --disable-werror --enable-checking=release --build=aarch64-linux-gnu --host=aarch64-linux-gnu --target=aarch64-linux-gnu
Thread model: posix
Supported LTO compression algorithms: zlib zstd
gcc version 12.2.0 (Debian 12.2.0-14) 
COMPILER_PATH=/usr/lib/gcc/aarch64-linux-gnu/12/:/usr/lib/gcc/aarch64-linux-gnu/12/:/usr/lib/gcc/aarch64-linux-gnu/:/usr/lib/gcc/aarch64-linux-gnu/12/:/usr/lib/gcc/aarch64-linux-gnu/
LIBRARY_PATH=/usr/lib/gcc/aarch64-linux-gnu/12/:/usr/lib/gcc/aarch64-linux-gnu/12/../../../aarch64-linux-gnu/:/usr/lib/gcc/aarch64-linux-gnu/12/../../../../lib/:/lib/aarch64-linux-gnu/:/lib/../lib/:/usr/lib/aarch64-linux-gnu/:/usr/lib/../lib/:/usr/lib/gcc/aarch64-linux-gnu/12/../../../:/lib/:/usr/lib/
COLLECT_GCC_OPTIONS='-v' '-rdynamic' '-o' 'cmTC_6f6a7' '-shared-libgcc' '-mlittle-endian' '-mabi=lp64' '-dumpdir' 'cmTC_6f6a7.'
 /usr/lib/gcc/aarch64-linux-gnu/12/collect2 -plugin /usr/lib/gcc/aarch64-linux-gnu/12/liblto_plugin.so -plugin-opt=/usr/lib/gcc/aarch64-linux-gnu/12/lto-wrapper -plugin-opt=-fresolution=/tmp/ccIgbs1C.res -plugin-opt=-pass-through=-lgcc_s -plugin-opt=-pass-through=-lgcc -plugin-opt=-pass-through=-lc -plugin-opt=-pass-through=-lgcc_s -plugin-opt=-pass-through=-lgcc --build-id --eh-frame-hdr --hash-style=gnu --as-needed -export-dynamic -dynamic-linker /lib/ld-linux-aarch64.so.1 -X -EL -maarch64linux --fix-cortex-a53-843419 -pie -o cmTC_6f6a7 /usr/lib/gcc/aarch64-linux-gnu/12/../../../aarch64-linux-gnu/Scrt1.o /usr/lib/gcc/aarch64-linux-gnu/12/../../../aarch64-linux-gnu/crti.o /usr/lib/gcc/aarch64-linux-gnu/12/crtbeginS.o -L/usr/lib/gcc/aarch64-linux-gnu/12 -L/usr/lib/gcc/aarch64-linux-gnu/12/../../../aarch64-linux-gnu -L/usr/lib/gcc/aarch64-linux-gnu/12/../../../../lib -L/lib/aarch64-linux-gnu -L/lib/../lib -L/usr/lib/aarch64-linux-gnu -L/usr/lib/../lib -L/usr/lib/gcc/aarch64-linux-gnu/12/../../.. CMakeFiles/cmTC_6f6a7.dir/CMakeCXXCompilerABI.cpp.o -lstdc++ -lm -lgcc_s -lgcc -lc -lgcc_s -lgcc /usr/lib/gcc/aarch64-linux-gnu/12/crtendS.o /usr/lib/gcc/aarch64-linux-gnu/12/../../../aarch64-linux-gnu/crtn.o
COLLECT_GCC_OPTIONS='-v' '-rdynamic' '-o' 'cmTC_6f6a7' '-shared-libgcc' '-mlittle-endian' '-mabi=lp64' '-dumpdir' 'cmTC_6f6a7.'
gmake[1]: Leaving directory '/home/pi2/video_transport/index/dlib-19.24/build/temp.linux-aarch64-cpython-311/CMakeFiles/CMakeScratch/TryCompile-nRXGp0'



Parsed CXX implicit include dir info from above output: rv=done
  found start of include info
  found start of implicit include info
    add: [/usr/include/c++/12]
    add: [/usr/include/aarch64-linux-gnu/c++/12]
    add: [/usr/include/c++/12/backward]
    add: [/usr/lib/gcc/aarch64-linux-gnu/12/include]
    add: [/usr/local/include]
    add: [/usr/include/aarch64-linux-gnu]
    add: [/usr/include]
  end of search list found
  collapse include dir [/usr/include/c++/12] ==> [/usr/include/c++/12]
  collapse include dir [/usr/include/aarch64-linux-gnu/c++/12] ==> [/usr/include/aarch64-linux-gnu/c++/12]
  collapse include dir [/usr/include/c++/12/backward] ==> [/usr/include/c++/12/backward]
  collapse include dir [/usr/lib/gcc/aarch64-linux-gnu/12/include] ==> [/usr/lib/gcc/aarch64-linux-gnu/12/include]
  collapse include dir [/usr/local/include] ==> [/usr/local/include]
  collapse include dir [/usr/include/aarch64-linux-gnu] ==> [/usr/include/aarch64-linux-gnu]
  collapse include dir [/usr/include] ==> [/usr/include]
  implicit include dirs: [/usr/include/c++/12;/usr/include/aarch64-linux-gnu/c++/12;/usr/include/c++/12/backward;/usr/lib/gcc/aarch64-linux-gnu/12/include;/usr/local/include;/usr/include/aarch64-linux-gnu;/usr/include]


Parsed CXX implicit link information from above output:
  link line regex: [^( *|.*[/\])(ld|CMAKE_LINK_STARTFILE-NOTFOUND|([^/\]+-)?ld|collect2)[^/\]*( |$)]
  ignore line: [Change Dir: /home/pi2/video_transport/index/dlib-19.24/build/temp.linux-aarch64-cpython-311/CMakeFiles/CMakeScratch/TryCompile-nRXGp0]
  ignore line: []
  ignore line: [Run Build Command(s):/usr/bin/gmake -f Makefile cmTC_6f6a7/fast && /usr/bin/gmake  -f CMakeFiles/cmTC_6f6a7.dir/build.make CMakeFiles/cmTC_6f6a7.dir/build]
  ignore line: [gmake[1]: Entering directory '/home/pi2/video_transport/index/dlib-19.24/build/temp.linux-aarch64-cpython-311/CMakeFiles/CMakeScratch/TryCompile-nRXGp0']
  ignore line: [Building CXX object CMakeFiles/cmTC_6f6a7.dir/CMakeCXXCompilerABI.cpp.o]
  ignore line: [/usr/bin/c++   -v -o CMakeFiles/cmTC_6f6a7.dir/CMakeCXXCompilerABI.cpp.o -c /usr/share/cmake-3.25/Modules/CMakeCXXCompilerABI.cpp]
  ignore line: [Using built-in specs.]
  ignore line: [COLLECT_GCC=/usr/bin/c++]
  ignore line: [Target: aarch64-linux-gnu]
  ignore line: [Configured with: ../src/configure -v --with-pkgversion='Debian 12.2.0-14' --with-bugurl=file:///usr/share/doc/gcc-12/README.Bugs --enable-languages=c ada c++ go d fortran objc obj-c++ m2 --prefix=/usr --with-gcc-major-version-only --program-suffix=-12 --program-prefix=aarch64-linux-gnu- --enable-shared --enable-linker-build-id --libexecdir=/usr/lib --without-included-gettext --enable-threads=posix --libdir=/usr/lib --enable-nls --enable-clocale=gnu --enable-libstdcxx-debug --enable-libstdcxx-time=yes --with-default-libstdcxx-abi=new --enable-gnu-unique-object --disable-libquadmath --disable-libquadmath-support --enable-plugin --enable-default-pie --with-system-zlib --enable-libphobos-checking=release --with-target-system-zlib=auto --enable-objc-gc=auto --enable-multiarch --enable-fix-cortex-a53-843419 --disable-werror --enable-checking=release --build=aarch64-linux-gnu --host=aarch64-linux-gnu --target=aarch64-linux-gnu]
  ignore line: [Thread model: posix]
  ignore line: [Supported LTO compression algorithms: zlib zstd]
  ignore line: [gcc version 12.2.0 (Debian 12.2.0-14) ]
  ignore line: [COLLECT_GCC_OPTIONS='-v' '-o' 'CMakeFiles/cmTC_6f6a7.dir/CMakeCXXCompilerABI.cpp.o' '-c' '-shared-libgcc' '-mlittle-endian' '-mabi=lp64' '-dumpdir' 'CMakeFiles/cmTC_6f6a7.dir/']
  ignore line: [ /usr/lib/gcc/aarch64-linux-gnu/12/cc1plus -quiet -v -imultiarch aarch64-linux-gnu -D_GNU_SOURCE /usr/share/cmake-3.25/Modules/CMakeCXXCompilerABI.cpp -quiet -dumpdir CMakeFiles/cmTC_6f6a7.dir/ -dumpbase CMakeCXXCompilerABI.cpp.cpp -dumpbase-ext .cpp -mlittle-endian -mabi=lp64 -version -fasynchronous-unwind-tables -o /tmp/ccIIdS5Q.s]
  ignore line: [GNU C++17 (Debian 12.2.0-14) version 12.2.0 (aarch64-linux-gnu)]
  ignore line: [	compiled by GNU C version 12.2.0  GMP version 6.2.1  MPFR version 4.1.1-p1  MPC version 1.3.1  isl version isl-0.25-GMP]
  ignore line: []
  ignore line: [warning: MPFR header version 4.1.1-p1 differs from library version 4.2.0.]
  ignore line: [GGC heuristics: --param ggc-min-expand=100 --param ggc-min-heapsize=131072]
  ignore line: [ignoring duplicate directory "/usr/include/aarch64-linux-gnu/c++/12"]
  ignore line: [ignoring nonexistent directory "/usr/local/include/aarch64-linux-gnu"]
  ignore line: [ignoring nonexistent directory "/usr/lib/gcc/aarch64-linux-gnu/12/include-fixed"]
  ignore line: [ignoring nonexistent directory "/usr/lib/gcc/aarch64-linux-gnu/12/../../../../aarch64-linux-gnu/include"]
  ignore line: [#include "..." search starts here:]
  ignore line: [#include <...> search starts here:]
  ignore line: [ /usr/include/c++/12]
  ignore line: [ /usr/include/aarch64-linux-gnu/c++/12]
  ignore line: [ /usr/include/c++/12/backward]
  ignore line: [ /usr/lib/gcc/aarch64-linux-gnu/12/include]
  ignore line: [ /usr/local/include]
  ignore line: [ /usr/include/aarch64-linux-gnu]
  ignore line: [ /usr/include]
  ignore line: [End of search list.]
  ignore line: [GNU C++17 (Debian 12.2.0-14) version 12.2.0 (aarch64-linux-gnu)]
  ignore line: [	compiled by GNU C version 12.2.0  GMP version 6.2.1  MPFR version 4.1.1-p1  MPC version 1.3.1  isl version isl-0.25-GMP]
  ignore line: []
  ignore line: [warning: MPFR header version 4.1.1-p1 differs from library version 4.2.0.]
  ignore line: [GGC heuristics: --param ggc-min-expand=100 --param ggc-min-heapsize=131072]
  ignore line: [Compiler executable checksum: 76d6f14273b9515783c50374b109b352]
  ignore line: [COLLECT_GCC_OPTIONS='-v' '-o' 'CMakeFiles/cmTC_6f6a7.dir/CMakeCXXCompilerABI.cpp.o' '-c' '-shared-libgcc' '-mlittle-endian' '-mabi=lp64' '-dumpdir' 'CMakeFiles/cmTC_6f6a7.dir/']
  ignore line: [ as -v -EL -mabi=lp64 -o CMakeFiles/cmTC_6f6a7.dir/CMakeCXXCompilerABI.cpp.o /tmp/ccIIdS5Q.s]
  ignore line: [GNU assembler version 2.40 (aarch64-linux-gnu) using BFD version (GNU Binutils for Debian) 2.40]
  ignore line: [COMPILER_PATH=/usr/lib/gcc/aarch64-linux-gnu/12/:/usr/lib/gcc/aarch64-linux-gnu/12/:/usr/lib/gcc/aarch64-linux-gnu/:/usr/lib/gcc/aarch64-linux-gnu/12/:/usr/lib/gcc/aarch64-linux-gnu/]
  ignore line: [LIBRARY_PATH=/usr/lib/gcc/aarch64-linux-gnu/12/:/usr/lib/gcc/aarch64-linux-gnu/12/../../../aarch64-linux-gnu/:/usr/lib/gcc/aarch64-linux-gnu/12/../../../../lib/:/lib/aarch64-linux-gnu/:/lib/../lib/:/usr/lib/aarch64-linux-gnu/:/usr/lib/../lib/:/usr/lib/gcc/aarch64-linux-gnu/12/../../../:/lib/:/usr/lib/]
  ignore line: [COLLECT_GCC_OPTIONS='-v' '-o' 'CMakeFiles/cmTC_6f6a7.dir/CMakeCXXCompilerABI.cpp.o' '-c' '-shared-libgcc' '-mlittle-endian' '-mabi=lp64' '-dumpdir' 'CMakeFiles/cmTC_6f6a7.dir/CMakeCXXCompilerABI.cpp.']
  ignore line: [Linking CXX executable cmTC_6f6a7]
  ignore line: [/usr/bin/cmake -E cmake_link_script CMakeFiles/cmTC_6f6a7.dir/link.txt --verbose=1]
  ignore line: [/usr/bin/c++  -v -rdynamic CMakeFiles/cmTC_6f6a7.dir/CMakeCXXCompilerABI.cpp.o -o cmTC_6f6a7 ]
  ignore line: [Using built-in specs.]
  ignore line: [COLLECT_GCC=/usr/bin/c++]
  ignore line: [COLLECT_LTO_WRAPPER=/usr/lib/gcc/aarch64-linux-gnu/12/lto-wrapper]
  ignore line: [Target: aarch64-linux-gnu]
  ignore line: [Configured with: ../src/configure -v --with-pkgversion='Debian 12.2.0-14' --with-bugurl=file:///usr/share/doc/gcc-12/README.Bugs --enable-languages=c ada c++ go d fortran objc obj-c++ m2 --prefix=/usr --with-gcc-major-version-only --program-suffix=-12 --program-prefix=aarch64-linux-gnu- --enable-shared --enable-linker-build-id --libexecdir=/usr/lib --without-included-gettext --enable-threads=posix --libdir=/usr/lib --enable-nls --enable-clocale=gnu --enable-libstdcxx-debug --enable-libstdcxx-time=yes --with-default-libstdcxx-abi=new --enable-gnu-unique-object --disable-libquadmath --disable-libquadmath-support --enable-plugin --enable-default-pie --with-system-zlib --enable-libphobos-checking=release --with-target-system-zlib=auto --enable-objc-gc=auto --enable-multiarch --enable-fix-cortex-a53-843419 --disable-werror --enable-checking=release --build=aarch64-linux-gnu --host=aarch64-linux-gnu --target=aarch64-linux-gnu]
  ignore line: [Thread model: posix]
  ignore line: [Supported LTO compression algorithms: zlib zstd]
  ignore line: [gcc version 12.2.0 (Debian 12.2.0-14) ]
  ignore line: [COMPILER_PATH=/usr/lib/gcc/aarch64-linux-gnu/12/:/usr/lib/gcc/aarch64-linux-gnu/12/:/usr/lib/gcc/aarch64-linux-gnu/:/usr/lib/gcc/aarch64-linux-gnu/12/:/usr/lib/gcc/aarch64-linux-gnu/]
  ignore line: [LIBRARY_PATH=/usr/lib/gcc/aarch64-linux-gnu/12/:/usr/lib/gcc/aarch64-linux-gnu/12/../../../aarch64-linux-gnu/:/usr/lib/gcc/aarch64-linux-gnu/12/../../../../lib/:/lib/aarch64-linux-gnu/:/lib/../lib/:/usr/lib/aarch64-linux-gnu/:/usr/lib/../lib/:/usr/lib/gcc/aarch64-linux-gnu/12/../../../:/lib/:/usr/lib/]
  ignore line: [COLLECT_GCC_OPTIONS='-v' '-rdynamic' '-o' 'cmTC_6f6a7' '-shared-libgcc' '-mlittle-endian' '-mabi=lp64' '-dumpdir' 'cmTC_6f6a7.']
  link line: [ /usr/lib/gcc/aarch64-linux-gnu/12/collect2 -plugin /usr/lib/gcc/aarch64-linux-gnu/12/liblto_plugin.so -plugin-opt=/usr/lib/gcc/aarch64-linux-gnu/12/lto-wrapper -plugin-opt=-fresolution=/tmp/ccIgbs1C.res -plugin-opt=-pass-through=-lgcc_s -plugin-opt=-pass-through=-lgcc -plugin-opt=-pass-through=-lc -plugin-opt=-pass-through=-lgcc_s -plugin-opt=-pass-through=-lgcc --build-id --eh-frame-hdr --hash-style=gnu --as-needed -export-dynamic -dynamic-linker /lib/ld-linux-aarch64.so.1 -X -EL -maarch64linux --fix-cortex-a53-843419 -pie -o cmTC_6f6a7 /usr/lib/gcc/aarch64-linux-gnu/12/../../../aarch64-linux-gnu/Scrt1.o /usr/lib/gcc/aarch64-linux-gnu/12/../../../aarch64-linux-gnu/crti.o /usr/lib/gcc/aarch64-linux-gnu/12/crtbeginS.o -L/usr/lib/gcc/aarch64-linux-gnu/12 -L/usr/lib/gcc/aarch64-linux-gnu/12/../../../aarch64-linux-gnu -L/usr/lib/gcc/aarch64-linux-gnu/12/../../../../lib -L/lib/aarch64-linux-gnu -L/lib/../lib -L/usr/lib/aarch64-linux-gnu -L/usr/lib/../lib -L/usr/lib/gcc/aarch64-linux-gnu/12/../../.. CMakeFiles/cmTC_6f6a7.dir/CMakeCXXCompilerABI.cpp.o -lstdc++ -lm -lgcc_s -lgcc -lc -lgcc_s -lgcc /usr/lib/gcc/aarch64-linux-gnu/12/crtendS.o /usr/lib/gcc/aarch64-linux-gnu/12/../../../aarch64-linux-gnu/crtn.o]
    arg [/usr/lib/gcc/aarch64-linux-gnu/12/collect2] ==> ignore
    arg [-plugin] ==> ignore
    arg [/usr/lib/gcc/aarch64-linux-gnu/12/liblto_plugin.so] ==> ignore
    arg [-plugin-opt=/usr/lib/gcc/aarch64-linux-gnu/12/lto-wrapper] ==> ignore
    arg [-plugin-opt=-fresolution=/tmp/ccIgbs1C.res] ==> ignore
    arg [-plugin-opt=-pass-through=-lgcc_s] ==> ignore
    arg [-plugin-opt=-pass-through=-lgcc] ==> ignore
    arg [-plugin-opt=-pass-through=-lc] ==> ignore
    arg [-plugin-opt=-pass-through=-lgcc_s] ==> ignore
    arg [-plugin-opt=-pass-through=-lgcc] ==> ignore
    arg [--build-id] ==> ignore
    arg [--eh-frame-hdr] ==> ignore
    arg [--hash-style=gnu] ==> ignore
    arg [--as-needed] ==> ignore
    arg [-export-dynamic] ==> ignore
    arg [-dynamic-linker] ==> ignore
    arg [/lib/ld-linux-aarch64.so.1] ==> ignore
    arg [-X] ==> ignore
    arg [-EL] ==> ignore
    arg [-maarch64linux] ==> ignore
    arg [--fix-cortex-a53-843419] ==> ignore
    arg [-pie] ==> ignore
    arg [-o] ==> ignore
    arg [cmTC_6f6a7] ==> ignore
    arg [/usr/lib/gcc/aarch64-linux-gnu/12/../../../aarch64-linux-gnu/Scrt1.o] ==> obj [/usr/lib/gcc/aarch64-linux-gnu/12/../../../aarch64-linux-gnu/Scrt1.o]
    arg [/usr/lib/gcc/aarch64-linux-gnu/12/../../../aarch64-linux-gnu/crti.o] ==> obj [/usr/lib/gcc/aarch64-linux-gnu/12/../../../aarch64-linux-gnu/crti.o]
    arg [/usr/lib/gcc/aarch64-linux-gnu/12/crtbeginS.o] ==> obj [/usr/lib/gcc/aarch64-linux-gnu/12/crtbeginS.o]
    arg [-L/usr/lib/gcc/aarch64-linux-gnu/12] ==> dir [/usr/lib/gcc/aarch64-linux-gnu/12]
    arg [-L/usr/lib/gcc/aarch64-linux-gnu/12/../../../aarch64-linux-gnu] ==> dir [/usr/lib/gcc/aarch64-linux-gnu/12/../../../aarch64-linux-gnu]
    arg [-L/usr/lib/gcc/aarch64-linux-gnu/12/../../../../lib] ==> dir [/usr/lib/gcc/aarch64-linux-gnu/12/../../../../lib]
    arg [-L/lib/aarch64-linux-gnu] ==> dir [/lib/aarch64-linux-gnu]
    arg [-L/lib/../lib] ==> dir [/lib/../lib]
    arg [-L/usr/lib/aarch64-linux-gnu] ==> dir [/usr/lib/aarch64-linux-gnu]
    arg [-L/usr/lib/../lib] ==> dir [/usr/lib/../lib]
    arg [-L/usr/lib/gcc/aarch64-linux-gnu/12/../../..] ==> dir [/usr/lib/gcc/aarch64-linux-gnu/12/../../..]
    arg [CMakeFiles/cmTC_6f6a7.dir/CMakeCXXCompilerABI.cpp.o] ==> ignore
    arg [-lstdc++] ==> lib [stdc++]
    arg [-lm] ==> lib [m]
    arg [-lgcc_s] ==> lib [gcc_s]
    arg [-lgcc] ==> lib [gcc]
    arg [-lc] ==> lib [c]
    arg [-lgcc_s] ==> lib [gcc_s]
    arg [-lgcc] ==> lib [gcc]
    arg [/usr/lib/gcc/aarch64-linux-gnu/12/crtendS.o] ==> obj [/usr/lib/gcc/aarch64-linux-gnu/12/crtendS.o]
    arg [/usr/lib/gcc/aarch64-linux-gnu/12/../../../aarch64-linux-gnu/crtn.o] ==> obj [/usr/lib/gcc/aarch64-linux-gnu/12/../../../aarch64-linux-gnu/crtn.o]
  collapse obj [/usr/lib/gcc/aarch64-linux-gnu/12/../../../aarch64-linux-gnu/Scrt1.o] ==> [/usr/lib/aarch64-linux-gnu/Scrt1.o]
  collapse obj [/usr/lib/gcc/aarch64-linux-gnu/12/../../../aarch64-linux-gnu/crti.o] ==> [/usr/lib/aarch64-linux-gnu/crti.o]
  collapse obj [/usr/lib/gcc/aarch64-linux-gnu/12/../../../aarch64-linux-gnu/crtn.o] ==> [/usr/lib/aarch64-linux-gnu/crtn.o]
  collapse library dir [/usr/lib/gcc/aarch64-linux-gnu/12] ==> [/usr/lib/gcc/aarch64-linux-gnu/12]
  collapse library dir [/usr/lib/gcc/aarch64-linux-gnu/12/../../../aarch64-linux-gnu] ==> [/usr/lib/aarch64-linux-gnu]
  collapse library dir [/usr/lib/gcc/aarch64-linux-gnu/12/../../../../lib] ==> [/usr/lib]
  collapse library dir [/lib/aarch64-linux-gnu] ==> [/lib/aarch64-linux-gnu]
  collapse library dir [/lib/../lib] ==> [/lib]
  collapse library dir [/usr/lib/aarch64-linux-gnu] ==> [/usr/lib/aarch64-linux-gnu]
  collapse library dir [/usr/lib/../lib] ==> [/usr/lib]
  collapse library dir [/usr/lib/gcc/aarch64-linux-gnu/12/../../..] ==> [/usr/lib]
  implicit libs: [stdc++;m;gcc_s;gcc;c;gcc_s;gcc]
  implicit objs: [/usr/lib/aarch64-linux-gnu/Scrt1.o;/usr/lib/aarch64-linux-gnu/crti.o;/usr/lib/gcc/aarch64-linux-gnu/12/crtbeginS.o;/usr/lib/gcc/aarch64-linux-gnu/12/crtendS.o;/usr/lib/aarch64-linux-gnu/crtn.o]
  implicit dirs: [/usr/lib/gcc/aarch64-linux-gnu/12;/usr/lib/aarch64-linux-gnu;/usr/lib;/lib/aarch64-linux-gnu;/lib]
  implicit fwks: []


Performing C++ SOURCE FILE Test HAS_CPP14_FLAG succeeded with the following output:
Change Dir: /home/pi2/video_transport/index/dlib-19.24/build/temp.linux-aarch64-cpython-311/CMakeFiles/CMakeScratch/TryCompile-3Ihfvq

Run Build Command(s):/usr/bin/gmake -f Makefile cmTC_292bd/fast && /usr/bin/gmake  -f CMakeFiles/cmTC_292bd.dir/build.make CMakeFiles/cmTC_292bd.dir/build
gmake[1]: Entering directory '/home/pi2/video_transport/index/dlib-19.24/build/temp.linux-aarch64-cpython-311/CMakeFiles/CMakeScratch/TryCompile-3Ihfvq'
Building CXX object CMakeFiles/cmTC_292bd.dir/src.cxx.o
/usr/bin/c++ -DHAS_CPP14_FLAG  -std=c++14 -o CMakeFiles/cmTC_292bd.dir/src.cxx.o -c /home/pi2/video_transport/index/dlib-19.24/build/temp.linux-aarch64-cpython-311/CMakeFiles/CMakeScratch/TryCompile-3Ihfvq/src.cxx
Linking CXX executable cmTC_292bd
/usr/bin/cmake -E cmake_link_script CMakeFiles/cmTC_292bd.dir/link.txt --verbose=1
/usr/bin/c++ -rdynamic CMakeFiles/cmTC_292bd.dir/src.cxx.o -o cmTC_292bd 
gmake[1]: Leaving directory '/home/pi2/video_transport/index/dlib-19.24/build/temp.linux-aarch64-cpython-311/CMakeFiles/CMakeScratch/TryCompile-3Ihfvq'


Source file was:
int main() { return 0; }

Performing C SOURCE FILE Test CMAKE_HAVE_LIBC_PTHREAD succeeded with the following output:
Change Dir: /home/pi2/video_transport/index/dlib-19.24/build/temp.linux-aarch64-cpython-311/CMakeFiles/CMakeScratch/TryCompile-3u9XCh

Run Build Command(s):/usr/bin/gmake -f Makefile cmTC_14c60/fast && /usr/bin/gmake  -f CMakeFiles/cmTC_14c60.dir/build.make CMakeFiles/cmTC_14c60.dir/build
gmake[1]: Entering directory '/home/pi2/video_transport/index/dlib-19.24/build/temp.linux-aarch64-cpython-311/CMakeFiles/CMakeScratch/TryCompile-3u9XCh'
Building C object CMakeFiles/cmTC_14c60.dir/src.c.o
/usr/bin/cc -DCMAKE_HAVE_LIBC_PTHREAD  -fPIE -o CMakeFiles/cmTC_14c60.dir/src.c.o -c /home/pi2/video_transport/index/dlib-19.24/build/temp.linux-aarch64-cpython-311/CMakeFiles/CMakeScratch/TryCompile-3u9XCh/src.c
Linking C executable cmTC_14c60
/usr/bin/cmake -E cmake_link_script CMakeFiles/cmTC_14c60.dir/link.txt --verbose=1
/usr/bin/cc -rdynamic CMakeFiles/cmTC_14c60.dir/src.c.o -o cmTC_14c60 
gmake[1]: Leaving directory '/home/pi2/video_transport/index/dlib-19.24/build/temp.linux-aarch64-cpython-311/CMakeFiles/CMakeScratch/TryCompile-3u9XCh'


Source file was:
#include <pthread.h>

static void* test_func(void* data)
{
  return data;
}

int main(void)
{
  pthread_t thread;
  pthread_create(&thread, NULL, test_func, NULL);
  pthread_detach(thread);
  pthread_cancel(thread);
  pthread_join(thread, NULL);
  pthread_atfork(NULL, NULL, NULL);
  pthread_exit(NULL);

  return 0;
}


Determining if the function XOpenDisplay exists in the /usr/lib/aarch64-linux-gnu/libX11.so;/usr/lib/aarch64-linux-gnu/libXext.so passed with the following output:
Change Dir: /home/pi2/video_transport/index/dlib-19.24/build/temp.linux-aarch64-cpython-311/CMakeFiles/CMakeScratch/TryCompile-1BEpUv

Run Build Command(s):/usr/bin/gmake -f Makefile cmTC_5b17c/fast && /usr/bin/gmake  -f CMakeFiles/cmTC_5b17c.dir/build.make CMakeFiles/cmTC_5b17c.dir/build
gmake[1]: Entering directory '/home/pi2/video_transport/index/dlib-19.24/build/temp.linux-aarch64-cpython-311/CMakeFiles/CMakeScratch/TryCompile-1BEpUv'
Building C object CMakeFiles/cmTC_5b17c.dir/CheckFunctionExists.c.o
/usr/bin/cc   -DCHECK_FUNCTION_EXISTS=XOpenDisplay -fPIE -o CMakeFiles/cmTC_5b17c.dir/CheckFunctionExists.c.o -c /home/pi2/video_transport/index/dlib-19.24/build/temp.linux-aarch64-cpython-311/CMakeFiles/CMakeScratch/TryCompile-1BEpUv/CheckFunctionExists.c
Linking C executable cmTC_5b17c
/usr/bin/cmake -E cmake_link_script CMakeFiles/cmTC_5b17c.dir/link.txt --verbose=1
/usr/bin/cc  -DCHECK_FUNCTION_EXISTS=XOpenDisplay -rdynamic CMakeFiles/cmTC_5b17c.dir/CheckFunctionExists.c.o -o cmTC_5b17c  /usr/lib/aarch64-linux-gnu/libX11.so /usr/lib/aarch64-linux-gnu/libXext.so 
gmake[1]: Leaving directory '/home/pi2/video_transport/index/dlib-19.24/build/temp.linux-aarch64-cpython-311/CMakeFiles/CMakeScratch/TryCompile-1BEpUv'



Determining if the function gethostbyname exists passed with the following output:
Change Dir: /home/pi2/video_transport/index/dlib-19.24/build/temp.linux-aarch64-cpython-311/CMakeFiles/CMakeScratch/TryCompile-2fpjEt

Run Build Command(s):/usr/bin/gmake -f Makefile cmTC_f0d34/fast && /usr/bin/gmake  -f CMakeFiles/cmTC_f0d34.dir/build.make CMakeFiles/cmTC_f0d34.dir/build
gmake[1]: Entering directory '/home/pi2/video_transport/index/dlib-19.24/build/temp.linux-aarch64-cpython-311/CMakeFiles/CMakeScratch/TryCompile-2fpjEt'
Building C object CMakeFiles/cmTC_f0d34.dir/CheckFunctionExists.c.o
/usr/bin/cc   -DCHECK_FUNCTION_EXISTS=gethostbyname -fPIE -o CMakeFiles/cmTC_f0d34.dir/CheckFunctionExists.c.o -c /home/pi2/video_transport/index/dlib-19.24/build/temp.linux-aarch64-cpython-311/CMakeFiles/CMakeScratch/TryCompile-2fpjEt/CheckFunctionExists.c
Linking C executable cmTC_f0d34
/usr/bin/cmake -E cmake_link_script CMakeFiles/cmTC_f0d34.dir/link.txt --verbose=1
/usr/bin/cc  -DCHECK_FUNCTION_EXISTS=gethostbyname -rdynamic CMakeFiles/cmTC_f0d34.dir/CheckFunctionExists.c.o -o cmTC_f0d34 
gmake[1]: Leaving directory '/home/pi2/video_transport/index/dlib-19.24/build/temp.linux-aarch64-cpython-311/CMakeFiles/CMakeScratch/TryCompile-2fpjEt'



Determining if the function connect exists passed with the following output:
Change Dir: /home/pi2/video_transport/index/dlib-19.24/build/temp.linux-aarch64-cpython-311/CMakeFiles/CMakeScratch/TryCompile-dF4cRw

Run Build Command(s):/usr/bin/gmake -f Makefile cmTC_fdb77/fast && /usr/bin/gmake  -f CMakeFiles/cmTC_fdb77.dir/build.make CMakeFiles/cmTC_fdb77.dir/build
gmake[1]: Entering directory '/home/pi2/video_transport/index/dlib-19.24/build/temp.linux-aarch64-cpython-311/CMakeFiles/CMakeScratch/TryCompile-dF4cRw'
Building C object CMakeFiles/cmTC_fdb77.dir/CheckFunctionExists.c.o
/usr/bin/cc   -DCHECK_FUNCTION_EXISTS=connect -fPIE -o CMakeFiles/cmTC_fdb77.dir/CheckFunctionExists.c.o -c /home/pi2/video_transport/index/dlib-19.24/build/temp.linux-aarch64-cpython-311/CMakeFiles/CMakeScratch/TryCompile-dF4cRw/CheckFunctionExists.c
Linking C executable cmTC_fdb77
/usr/bin/cmake -E cmake_link_script CMakeFiles/cmTC_fdb77.dir/link.txt --verbose=1
/usr/bin/cc  -DCHECK_FUNCTION_EXISTS=connect -rdynamic CMakeFiles/cmTC_fdb77.dir/CheckFunctionExists.c.o -o cmTC_fdb77 
gmake[1]: Leaving directory '/home/pi2/video_transport/index/dlib-19.24/build/temp.linux-aarch64-cpython-311/CMakeFiles/CMakeScratch/TryCompile-dF4cRw'



Determining if the function remove exists passed with the following output:
Change Dir: /home/pi2/video_transport/index/dlib-19.24/build/temp.linux-aarch64-cpython-311/CMakeFiles/CMakeScratch/TryCompile-OgO1Aq

Run Build Command(s):/usr/bin/gmake -f Makefile cmTC_1baa5/fast && /usr/bin/gmake  -f CMakeFiles/cmTC_1baa5.dir/build.make CMakeFiles/cmTC_1baa5.dir/build
gmake[1]: Entering directory '/home/pi2/video_transport/index/dlib-19.24/build/temp.linux-aarch64-cpython-311/CMakeFiles/CMakeScratch/TryCompile-OgO1Aq'
Building C object CMakeFiles/cmTC_1baa5.dir/CheckFunctionExists.c.o
/usr/bin/cc   -DCHECK_FUNCTION_EXISTS=remove -fPIE -o CMakeFiles/cmTC_1baa5.dir/CheckFunctionExists.c.o -c /home/pi2/video_transport/index/dlib-19.24/build/temp.linux-aarch64-cpython-311/CMakeFiles/CMakeScratch/TryCompile-OgO1Aq/CheckFunctionExists.c
Linking C executable cmTC_1baa5
/usr/bin/cmake -E cmake_link_script CMakeFiles/cmTC_1baa5.dir/link.txt --verbose=1
/usr/bin/cc  -DCHECK_FUNCTION_EXISTS=remove -rdynamic CMakeFiles/cmTC_1baa5.dir/CheckFunctionExists.c.o -o cmTC_1baa5 
gmake[1]: Leaving directory '/home/pi2/video_transport/index/dlib-19.24/build/temp.linux-aarch64-cpython-311/CMakeFiles/CMakeScratch/TryCompile-OgO1Aq'



Determining if the function shmat exists passed with the following output:
Change Dir: /home/pi2/video_transport/index/dlib-19.24/build/temp.linux-aarch64-cpython-311/CMakeFiles/CMakeScratch/TryCompile-upPFMw

Run Build Command(s):/usr/bin/gmake -f Makefile cmTC_112c8/fast && /usr/bin/gmake  -f CMakeFiles/cmTC_112c8.dir/build.make CMakeFiles/cmTC_112c8.dir/build
gmake[1]: Entering directory '/home/pi2/video_transport/index/dlib-19.24/build/temp.linux-aarch64-cpython-311/CMakeFiles/CMakeScratch/TryCompile-upPFMw'
Building C object CMakeFiles/cmTC_112c8.dir/CheckFunctionExists.c.o
/usr/bin/cc   -DCHECK_FUNCTION_EXISTS=shmat -fPIE -o CMakeFiles/cmTC_112c8.dir/CheckFunctionExists.c.o -c /home/pi2/video_transport/index/dlib-19.24/build/temp.linux-aarch64-cpython-311/CMakeFiles/CMakeScratch/TryCompile-upPFMw/CheckFunctionExists.c
Linking C executable cmTC_112c8
/usr/bin/cmake -E cmake_link_script CMakeFiles/cmTC_112c8.dir/link.txt --verbose=1
/usr/bin/cc  -DCHECK_FUNCTION_EXISTS=shmat -rdynamic CMakeFiles/cmTC_112c8.dir/CheckFunctionExists.c.o -o cmTC_112c8 
gmake[1]: Leaving directory '/home/pi2/video_transport/index/dlib-19.24/build/temp.linux-aarch64-cpython-311/CMakeFiles/CMakeScratch/TryCompile-upPFMw'



Determining if the function IceConnectionNumber exists in the ICE passed with the following output:
Change Dir: /home/pi2/video_transport/index/dlib-19.24/build/temp.linux-aarch64-cpython-311/CMakeFiles/CMakeScratch/TryCompile-jtF764

Run Build Command(s):/usr/bin/gmake -f Makefile cmTC_48d22/fast && /usr/bin/gmake  -f CMakeFiles/cmTC_48d22.dir/build.make CMakeFiles/cmTC_48d22.dir/build
gmake[1]: Entering directory '/home/pi2/video_transport/index/dlib-19.24/build/temp.linux-aarch64-cpython-311/CMakeFiles/CMakeScratch/TryCompile-jtF764'
Building C object CMakeFiles/cmTC_48d22.dir/CheckFunctionExists.c.o
/usr/bin/cc   -DCHECK_FUNCTION_EXISTS=IceConnectionNumber -fPIE -o CMakeFiles/cmTC_48d22.dir/CheckFunctionExists.c.o -c /home/pi2/video_transport/index/dlib-19.24/build/temp.linux-aarch64-cpython-311/CMakeFiles/CMakeScratch/TryCompile-jtF764/CheckFunctionExists.c
Linking C executable cmTC_48d22
/usr/bin/cmake -E cmake_link_script CMakeFiles/cmTC_48d22.dir/link.txt --verbose=1
/usr/bin/cc  -DCHECK_FUNCTION_EXISTS=IceConnectionNumber -rdynamic CMakeFiles/cmTC_48d22.dir/CheckFunctionExists.c.o -o cmTC_48d22  -lICE 
gmake[1]: Leaving directory '/home/pi2/video_transport/index/dlib-19.24/build/temp.linux-aarch64-cpython-311/CMakeFiles/CMakeScratch/TryCompile-jtF764'



Determining if the include file sys/types.h exists passed with the following output:
Change Dir: /home/pi2/video_transport/index/dlib-19.24/build/temp.linux-aarch64-cpython-311/CMakeFiles/CMakeScratch/TryCompile-mDSj1Q

Run Build Command(s):/usr/bin/gmake -f Makefile cmTC_e84c7/fast && /usr/bin/gmake  -f CMakeFiles/cmTC_e84c7.dir/build.make CMakeFiles/cmTC_e84c7.dir/build
gmake[1]: Entering directory '/home/pi2/video_transport/index/dlib-19.24/build/temp.linux-aarch64-cpython-311/CMakeFiles/CMakeScratch/TryCompile-mDSj1Q'
Building C object CMakeFiles/cmTC_e84c7.dir/CheckIncludeFile.c.o
/usr/bin/cc   -fPIE -o CMakeFiles/cmTC_e84c7.dir/CheckIncludeFile.c.o -c /home/pi2/video_transport/index/dlib-19.24/build/temp.linux-aarch64-cpython-311/CMakeFiles/CMakeScratch/TryCompile-mDSj1Q/CheckIncludeFile.c
Linking C executable cmTC_e84c7
/usr/bin/cmake -E cmake_link_script CMakeFiles/cmTC_e84c7.dir/link.txt --verbose=1
/usr/bin/cc -rdynamic CMakeFiles/cmTC_e84c7.dir/CheckIncludeFile.c.o -o cmTC_e84c7 
gmake[1]: Leaving directory '/home/pi2/video_transport/index/dlib-19.24/build/temp.linux-aarch64-cpython-311/CMakeFiles/CMakeScratch/TryCompile-mDSj1Q'



Determining if the include file stdint.h exists passed with the following output:
Change Dir: /home/pi2/video_transport/index/dlib-19.24/build/temp.linux-aarch64-cpython-311/CMakeFiles/CMakeScratch/TryCompile-WUHH6P

Run Build Command(s):/usr/bin/gmake -f Makefile cmTC_cc73b/fast && /usr/bin/gmake  -f CMakeFiles/cmTC_cc73b.dir/build.make CMakeFiles/cmTC_cc73b.dir/build
gmake[1]: Entering directory '/home/pi2/video_transport/index/dlib-19.24/build/temp.linux-aarch64-cpython-311/CMakeFiles/CMakeScratch/TryCompile-WUHH6P'
Building C object CMakeFiles/cmTC_cc73b.dir/CheckIncludeFile.c.o
/usr/bin/cc   -fPIE -o CMakeFiles/cmTC_cc73b.dir/CheckIncludeFile.c.o -c /home/pi2/video_transport/index/dlib-19.24/build/temp.linux-aarch64-cpython-311/CMakeFiles/CMakeScratch/TryCompile-WUHH6P/CheckIncludeFile.c
Linking C executable cmTC_cc73b
/usr/bin/cmake -E cmake_link_script CMakeFiles/cmTC_cc73b.dir/link.txt --verbose=1
/usr/bin/cc -rdynamic CMakeFiles/cmTC_cc73b.dir/CheckIncludeFile.c.o -o cmTC_cc73b 
gmake[1]: Leaving directory '/home/pi2/video_transport/index/dlib-19.24/build/temp.linux-aarch64-cpython-311/CMakeFiles/CMakeScratch/TryCompile-WUHH6P'



Determining if the include file stddef.h exists passed with the following output:
Change Dir: /home/pi2/video_transport/index/dlib-19.24/build/temp.linux-aarch64-cpython-311/CMakeFiles/CMakeScratch/TryCompile-2hCNTi

Run Build Command(s):/usr/bin/gmake -f Makefile cmTC_67934/fast && /usr/bin/gmake  -f CMakeFiles/cmTC_67934.dir/build.make CMakeFiles/cmTC_67934.dir/build
gmake[1]: Entering directory '/home/pi2/video_transport/index/dlib-19.24/build/temp.linux-aarch64-cpython-311/CMakeFiles/CMakeScratch/TryCompile-2hCNTi'
Building C object CMakeFiles/cmTC_67934.dir/CheckIncludeFile.c.o
/usr/bin/cc   -fPIE -o CMakeFiles/cmTC_67934.dir/CheckIncludeFile.c.o -c /home/pi2/video_transport/index/dlib-19.24/build/temp.linux-aarch64-cpython-311/CMakeFiles/CMakeScratch/TryCompile-2hCNTi/CheckIncludeFile.c
Linking C executable cmTC_67934
/usr/bin/cmake -E cmake_link_script CMakeFiles/cmTC_67934.dir/link.txt --verbose=1
/usr/bin/cc -rdynamic CMakeFiles/cmTC_67934.dir/CheckIncludeFile.c.o -o cmTC_67934 
gmake[1]: Leaving directory '/home/pi2/video_transport/index/dlib-19.24/build/temp.linux-aarch64-cpython-311/CMakeFiles/CMakeScratch/TryCompile-2hCNTi'



Determining size of void* passed with the following output:
Change Dir: /home/pi2/video_transport/index/dlib-19.24/build/temp.linux-aarch64-cpython-311/CMakeFiles/CMakeScratch/TryCompile-s3zUAq

Run Build Command(s):/usr/bin/gmake -f Makefile cmTC_5bc86/fast && /usr/bin/gmake  -f CMakeFiles/cmTC_5bc86.dir/build.make CMakeFiles/cmTC_5bc86.dir/build
gmake[1]: Entering directory '/home/pi2/video_transport/index/dlib-19.24/build/temp.linux-aarch64-cpython-311/CMakeFiles/CMakeScratch/TryCompile-s3zUAq'
Building C object CMakeFiles/cmTC_5bc86.dir/SIZE_OF_VOID_PTR.c.o
/usr/bin/cc   -fPIE -o CMakeFiles/cmTC_5bc86.dir/SIZE_OF_VOID_PTR.c.o -c /home/pi2/video_transport/index/dlib-19.24/build/temp.linux-aarch64-cpython-311/CMakeFiles/CMakeScratch/TryCompile-s3zUAq/SIZE_OF_VOID_PTR.c
Linking C executable cmTC_5bc86
/usr/bin/cmake -E cmake_link_script CMakeFiles/cmTC_5bc86.dir/link.txt --verbose=1
/usr/bin/cc -rdynamic CMakeFiles/cmTC_5bc86.dir/SIZE_OF_VOID_PTR.c.o -o cmTC_5bc86 
gmake[1]: Leaving directory '/home/pi2/video_transport/index/dlib-19.24/build/temp.linux-aarch64-cpython-311/CMakeFiles/CMakeScratch/TryCompile-s3zUAq'



Determining if the function sgetrf_single exists passed with the following output:
Change Dir: /home/pi2/video_transport/index/dlib-19.24/build/temp.linux-aarch64-cpython-311/CMakeFiles/CMakeScratch/TryCompile-B3gg5a

Run Build Command(s):/usr/bin/gmake -f Makefile cmTC_8be2a/fast && /usr/bin/gmake  -f CMakeFiles/cmTC_8be2a.dir/build.make CMakeFiles/cmTC_8be2a.dir/build
gmake[1]: Entering directory '/home/pi2/video_transport/index/dlib-19.24/build/temp.linux-aarch64-cpython-311/CMakeFiles/CMakeScratch/TryCompile-B3gg5a'
Building C object CMakeFiles/cmTC_8be2a.dir/CheckFunctionExists.c.o
/usr/bin/cc   -DCHECK_FUNCTION_EXISTS=sgetrf_single -fPIE -o CMakeFiles/cmTC_8be2a.dir/CheckFunctionExists.c.o -c /home/pi2/video_transport/index/dlib-19.24/build/temp.linux-aarch64-cpython-311/CMakeFiles/CMakeScratch/TryCompile-B3gg5a/CheckFunctionExists.c
Linking C executable cmTC_8be2a
/usr/bin/cmake -E cmake_link_script CMakeFiles/cmTC_8be2a.dir/link.txt --verbose=1
/usr/bin/cc  -DCHECK_FUNCTION_EXISTS=sgetrf_single -rdynamic CMakeFiles/cmTC_8be2a.dir/CheckFunctionExists.c.o -o cmTC_8be2a  /usr/lib/aarch64-linux-gnu/libopenblas.so 
gmake[1]: Leaving directory '/home/pi2/video_transport/index/dlib-19.24/build/temp.linux-aarch64-cpython-311/CMakeFiles/CMakeScratch/TryCompile-B3gg5a'



Determining if the function cblas_ddot exists passed with the following output:
Change Dir: /home/pi2/video_transport/index/dlib-19.24/build/temp.linux-aarch64-cpython-311/CMakeFiles/CMakeScratch/TryCompile-qebxeB

Run Build Command(s):/usr/bin/gmake -f Makefile cmTC_1d655/fast && /usr/bin/gmake  -f CMakeFiles/cmTC_1d655.dir/build.make CMakeFiles/cmTC_1d655.dir/build
gmake[1]: Entering directory '/home/pi2/video_transport/index/dlib-19.24/build/temp.linux-aarch64-cpython-311/CMakeFiles/CMakeScratch/TryCompile-qebxeB'
Building C object CMakeFiles/cmTC_1d655.dir/CheckFunctionExists.c.o
/usr/bin/cc   -DCHECK_FUNCTION_EXISTS=cblas_ddot -fPIE -o CMakeFiles/cmTC_1d655.dir/CheckFunctionExists.c.o -c /home/pi2/video_transport/index/dlib-19.24/build/temp.linux-aarch64-cpython-311/CMakeFiles/CMakeScratch/TryCompile-qebxeB/CheckFunctionExists.c
Linking C executable cmTC_1d655
/usr/bin/cmake -E cmake_link_script CMakeFiles/cmTC_1d655.dir/link.txt --verbose=1
/usr/bin/cc  -DCHECK_FUNCTION_EXISTS=cblas_ddot -rdynamic CMakeFiles/cmTC_1d655.dir/CheckFunctionExists.c.o -o cmTC_1d655  /usr/lib/aarch64-linux-gnu/libopenblas.so 
gmake[1]: Leaving directory '/home/pi2/video_transport/index/dlib-19.24/build/temp.linux-aarch64-cpython-311/CMakeFiles/CMakeScratch/TryCompile-qebxeB'



